<?xml version="1.0" encoding="UTF-8"?>
<!-- Generated by org.testng.reporters.JUnitReportReporter -->
<testsuite hostname="Nisaanths-MacBook-Pro.local" failures="0" tests="2" name="CucumberOptions.TestRunner" time="19.774" errors="0" timestamp="2022-05-04T14:31:04 BST" skipped="0">
  <testcase classname="CucumberOptions.TestRunner" name="runScenario" time="8.934"/>
  <system-out/>
  <testcase classname="CucumberOptions.TestRunner" name="runScenario" time="10.840"/>
  <system-out/>
</testsuite> <!-- CucumberOptions.TestRunner -->
